[0.037s] Invoking command in '/home/david/ros2_ws/build/ugv': /usr/bin/cmake --build /home/david/ros2_ws/build/ugv -- -j2 -l2
[0.443s] -- Found ament_cmake: 1.3.10 (/opt/ros/humble/share/ament_cmake/cmake)
[0.758s] Traceback (most recent call last):
[0.758s]   File "/opt/ros/humble/share/ament_cmake_core/cmake/package_templates/templates_2_cmake.py", line 21, in <module>
[0.758s]     from ament_package.templates import get_environment_hook_template_path
[0.759s] ModuleNotFoundError: No module named 'ament_package'
[0.772s] [31mCMake Error at /opt/ros/humble/share/ament_cmake_core/cmake/ament_cmake_package_templates-extras.cmake:41 (message):
[0.773s]   execute_process(/usr/bin/python3
[0.773s]   /opt/ros/humble/share/ament_cmake_core/cmake/package_templates/templates_2_cmake.py
[0.773s]   /home/david/ros2_ws/build/ugv/ament_cmake_package_templates/templates.cmake)
[0.773s]   returned error code 1
[0.773s] Call Stack (most recent call first):
[0.773s]   /opt/ros/humble/share/ament_cmake_core/cmake/ament_cmake_coreConfig.cmake:41 (include)
[0.773s]   /opt/ros/humble/share/ament_cmake/cmake/ament_cmake_export_dependencies-extras.cmake:15 (find_package)
[0.774s]   /opt/ros/humble/share/ament_cmake/cmake/ament_cmakeConfig.cmake:41 (include)
[0.774s]   CMakeLists.txt:9 (find_package)
[0.774s] 
[0.774s] [0m
[0.775s] -- Configuring incomplete, errors occurred!
[0.775s] See also "/home/david/ros2_ws/build/ugv/CMakeFiles/CMakeOutput.log".
[0.779s] gmake: *** [Makefile:226: cmake_check_build_system] Error 1
[0.783s] Invoked command in '/home/david/ros2_ws/build/ugv' returned '2': /usr/bin/cmake --build /home/david/ros2_ws/build/ugv -- -j2 -l2
