[0.033s] Invoking command in '/home/david/ros2_ws/build/ugv': /usr/bin/cmake --build /home/david/ros2_ws/build/ugv -- -j2 -l2
[0.082s] -- Found ament_cmake: 1.3.10 (/opt/ros/humble/share/ament_cmake/cmake)
[0.278s] Traceback (most recent call last):
[0.278s]   File "/opt/ros/humble/share/ament_cmake_core/cmake/package_templates/templates_2_cmake.py", line 21, in <module>
[0.278s]     from ament_package.templates import get_environment_hook_template_path
[0.278s] ModuleNotFoundError: No module named 'ament_package'
[0.292s] -- Configuring incomplete, errors occurred!
[0.292s] See also "/home/david/ros2_ws/build/ugv/CMakeFiles/CMakeOutput.log".
[0.293s] [31mCMake Error at /opt/ros/humble/share/ament_cmake_core/cmake/ament_cmake_package_templates-extras.cmake:41 (message):
[0.294s]   execute_process(/usr/bin/python3
[0.294s]   /opt/ros/humble/share/ament_cmake_core/cmake/package_templates/templates_2_cmake.py
[0.294s]   /home/david/ros2_ws/build/ugv/ament_cmake_package_templates/templates.cmake)
[0.294s]   returned error code 1
[0.294s] Call Stack (most recent call first):
[0.294s]   /opt/ros/humble/share/ament_cmake_core/cmake/ament_cmake_coreConfig.cmake:41 (include)
[0.294s]   /opt/ros/humble/share/ament_cmake/cmake/ament_cmake_export_dependencies-extras.cmake:15 (find_package)
[0.294s]   /opt/ros/humble/share/ament_cmake/cmake/ament_cmakeConfig.cmake:41 (include)
[0.294s]   CMakeLists.txt:9 (find_package)
[0.294s] 
[0.295s] [0m
[0.298s] gmake: *** [Makefile:226: cmake_check_build_system] Error 1
[0.300s] Invoked command in '/home/david/ros2_ws/build/ugv' returned '2': /usr/bin/cmake --build /home/david/ros2_ws/build/ugv -- -j2 -l2
